{"/home/arthur/Desktop/web-auth-lib/src/keyDerivationService.ts": {"path":"/home/arthur/Desktop/web-auth-lib/src/keyDerivationService.ts","statementMap":{"0":{"start":{"line":7,"column":4},"end":{"line":34,"column":5}},"1":{"start":{"line":9,"column":22},"end":{"line":14,"column":null}},"2":{"start":{"line":18,"column":25},"end":{"line":28,"column":null}},"3":{"start":{"line":31,"column":6},"end":{"line":31,"column":24}},"4":{"start":{"line":33,"column":6},"end":{"line":33,"column":75}},"5":{"start":{"line":5,"column":0},"end":{"line":5,"column":13}}},"fnMap":{"0":{"name":"(anonymous_0)","decl":{"start":{"line":6,"column":2},"end":{"line":6,"column":7}},"loc":{"start":{"line":6,"column":57},"end":{"line":35,"column":3}}}},"branchMap":{},"s":{"0":0,"1":0,"2":0,"3":0,"4":0,"5":0},"f":{"0":0},"b":{}}
,"/home/arthur/Desktop/web-auth-lib/src/lib.ts": {"path":"/home/arthur/Desktop/web-auth-lib/src/lib.ts","statementMap":{"0":{"start":{"line":198,"column":0},"end":{"line":198,"column":7}},"1":{"start":{"line":1,"column":0},"end":{"line":1,"column":52}},"2":{"start":{"line":2,"column":0},"end":{"line":2,"column":62}},"3":{"start":{"line":3,"column":0},"end":{"line":3,"column":50}},"4":{"start":{"line":5,"column":21},"end":{"line":5,"column":32}},"5":{"start":{"line":9,"column":17},"end":{"line":9,"column":63}},"6":{"start":{"line":10,"column":2},"end":{"line":10,"column":29}},"7":{"start":{"line":14,"column":17},"end":{"line":14,"column":29}},"8":{"start":{"line":15,"column":14},"end":{"line":15,"column":27}},"9":{"start":{"line":16,"column":16},"end":{"line":16,"column":35}},"10":{"start":{"line":17,"column":2},"end":{"line":19,"column":3}},"11":{"start":{"line":17,"column":15},"end":{"line":17,"column":16}},"12":{"start":{"line":18,"column":4},"end":{"line":18,"column":36}},"13":{"start":{"line":20,"column":2},"end":{"line":20,"column":15}},"14":{"start":{"line":25,"column":19},"end":{"line":25,"column":71}},"15":{"start":{"line":26,"column":22},"end":{"line":26,"column":61}},"16":{"start":{"line":27,"column":2},"end":{"line":29,"column":14}},"17":{"start":{"line":28,"column":26},"end":{"line":28,"column":43}},"18":{"start":{"line":34,"column":16},"end":{"line":34,"column":74}},"19":{"start":{"line":35,"column":18},"end":{"line":35,"column":36}},"20":{"start":{"line":36,"column":2},"end":{"line":58,"column":3}},"21":{"start":{"line":37,"column":21},"end":{"line":37,"column":73}},"22":{"start":{"line":38,"column":23},"end":{"line":38,"column":49}},"23":{"start":{"line":39,"column":29},"end":{"line":39,"column":69}},"24":{"start":{"line":40,"column":23},"end":{"line":42,"column":24}},"25":{"start":{"line":44,"column":26},"end":{"line":49,"column":6}},"26":{"start":{"line":51,"column":20},"end":{"line":51,"column":40}},"27":{"start":{"line":52,"column":29},"end":{"line":52,"column":78}},"28":{"start":{"line":54,"column":4},"end":{"line":54,"column":57}},"29":{"start":{"line":55,"column":4},"end":{"line":55,"column":63}},"30":{"start":{"line":56,"column":4},"end":{"line":56,"column":21}},"31":{"start":{"line":57,"column":4},"end":{"line":57,"column":19}},"32":{"start":{"line":63,"column":26},"end":{"line":63,"column":47}},"33":{"start":{"line":65,"column":57},"end":{"line":85,"column":4}},"34":{"start":{"line":87,"column":2},"end":{"line":97,"column":3}},"35":{"start":{"line":88,"column":25},"end":{"line":88,"column":67}},"36":{"start":{"line":89,"column":4},"end":{"line":89,"column":69}},"37":{"start":{"line":92,"column":31},"end":{"line":92,"column":77}},"38":{"start":{"line":93,"column":4},"end":{"line":93,"column":61}},"39":{"start":{"line":95,"column":4},"end":{"line":95,"column":65}},"40":{"start":{"line":96,"column":4},"end":{"line":96,"column":77}},"41":{"start":{"line":102,"column":26},"end":{"line":102,"column":47}},"42":{"start":{"line":103,"column":21},"end":{"line":103,"column":47}},"43":{"start":{"line":104,"column":18},"end":{"line":104,"column":38}},"44":{"start":{"line":107,"column":35},"end":{"line":107,"column":71}},"45":{"start":{"line":108,"column":2},"end":{"line":113,"column":3}},"46":{"start":{"line":109,"column":4},"end":{"line":109,"column":51}},"47":{"start":{"line":110,"column":4},"end":{"line":111,"column":38}},"48":{"start":{"line":112,"column":4},"end":{"line":112,"column":11}},"49":{"start":{"line":114,"column":42},"end":{"line":115,"column":null}},"50":{"start":{"line":119,"column":27},"end":{"line":119,"column":67}},"51":{"start":{"line":120,"column":2},"end":{"line":124,"column":3}},"52":{"start":{"line":121,"column":4},"end":{"line":121,"column":43}},"53":{"start":{"line":122,"column":4},"end":{"line":122,"column":76}},"54":{"start":{"line":123,"column":4},"end":{"line":123,"column":11}},"55":{"start":{"line":125,"column":34},"end":{"line":125,"column":70}},"56":{"start":{"line":127,"column":57},"end":{"line":140,"column":4}},"57":{"start":{"line":142,"column":2},"end":{"line":185,"column":3}},"58":{"start":{"line":143,"column":22},"end":{"line":143,"column":69}},"59":{"start":{"line":144,"column":4},"end":{"line":144,"column":61}},"60":{"start":{"line":147,"column":26},"end":{"line":152,"column":6}},"61":{"start":{"line":154,"column":21},"end":{"line":154,"column":73}},"62":{"start":{"line":156,"column":30},"end":{"line":170,"column":null}},"63":{"start":{"line":158,"column":30},"end":{"line":158,"column":69}},"64":{"start":{"line":159,"column":8},"end":{"line":169,"column":9}},"65":{"start":{"line":160,"column":10},"end":{"line":160,"column":61}},"66":{"start":{"line":161,"column":35},"end":{"line":163,"column":null}},"67":{"start":{"line":165,"column":10},"end":{"line":165,"column":34}},"68":{"start":{"line":167,"column":10},"end":{"line":167,"column":70}},"69":{"start":{"line":168,"column":10},"end":{"line":168,"column":37}},"70":{"start":{"line":173,"column":24},"end":{"line":173,"column":63}},"71":{"start":{"line":174,"column":4},"end":{"line":176,"column":16}},"72":{"start":{"line":175,"column":28},"end":{"line":175,"column":45}},"73":{"start":{"line":178,"column":4},"end":{"line":178,"column":58}},"74":{"start":{"line":181,"column":4},"end":{"line":181,"column":19}},"75":{"start":{"line":183,"column":4},"end":{"line":183,"column":65}},"76":{"start":{"line":184,"column":4},"end":{"line":184,"column":77}},"77":{"start":{"line":193,"column":2},"end":{"line":193,"column":67}},"78":{"start":{"line":194,"column":2},"end":{"line":194,"column":77}},"79":{"start":{"line":199,"column":2},"end":{"line":201,"column":48}},"80":{"start":{"line":202,"column":2},"end":{"line":204,"column":52}},"81":{"start":{"line":205,"column":2},"end":{"line":205,"column":80}},"82":{"start":{"line":206,"column":2},"end":{"line":208,"column":45}}},"fnMap":{"0":{"name":"arrayBufferToBase64","decl":{"start":{"line":8,"column":9},"end":{"line":8,"column":28}},"loc":{"start":{"line":8,"column":48},"end":{"line":11,"column":1}}},"1":{"name":"base64ToUint8Array","decl":{"start":{"line":13,"column":9},"end":{"line":13,"column":27}},"loc":{"start":{"line":13,"column":42},"end":{"line":21,"column":1}}},"2":{"name":"loadMessages","decl":{"start":{"line":24,"column":9},"end":{"line":24,"column":21}},"loc":{"start":{"line":24,"column":21},"end":{"line":30,"column":1}}},"3":{"name":"(anonymous_3)","decl":{"start":{"line":28,"column":9},"end":{"line":28,"column":10}},"loc":{"start":{"line":28,"column":26},"end":{"line":28,"column":43}}},"4":{"name":"saveMessage","decl":{"start":{"line":33,"column":15},"end":{"line":33,"column":26}},"loc":{"start":{"line":33,"column":26},"end":{"line":59,"column":1}}},"5":{"name":"handleRegister","decl":{"start":{"line":62,"column":15},"end":{"line":62,"column":29}},"loc":{"start":{"line":62,"column":29},"end":{"line":98,"column":1}}},"6":{"name":"handleAuthenticate","decl":{"start":{"line":101,"column":15},"end":{"line":101,"column":33}},"loc":{"start":{"line":101,"column":33},"end":{"line":186,"column":1}}},"7":{"name":"(anonymous_7)","decl":{"start":{"line":157,"column":19},"end":{"line":157,"column":24}},"loc":{"start":{"line":157,"column":41},"end":{"line":170,"column":7}}},"8":{"name":"(anonymous_8)","decl":{"start":{"line":175,"column":11},"end":{"line":175,"column":12}},"loc":{"start":{"line":175,"column":28},"end":{"line":175,"column":45}}},"9":{"name":"handleLogout","decl":{"start":{"line":189,"column":9},"end":{"line":189,"column":21}},"loc":{"start":{"line":189,"column":21},"end":{"line":195,"column":1}}},"10":{"name":"main","decl":{"start":{"line":198,"column":22},"end":{"line":198,"column":26}},"loc":{"start":{"line":198,"column":26},"end":{"line":209,"column":1}}}},"branchMap":{"0":{"loc":{"start":{"line":25,"column":30},"end":{"line":25,"column":70}},"type":"binary-expr","locations":[{"start":{"line":25,"column":30},"end":{"line":25,"column":62}},{"start":{"line":25,"column":66},"end":{"line":25,"column":70}}]},"1":{"loc":{"start":{"line":36,"column":2},"end":{"line":58,"column":3}},"type":"if","locations":[{"start":{"line":36,"column":2},"end":{"line":58,"column":3}}]},"2":{"loc":{"start":{"line":37,"column":32},"end":{"line":37,"column":72}},"type":"binary-expr","locations":[{"start":{"line":37,"column":32},"end":{"line":37,"column":64}},{"start":{"line":37,"column":68},"end":{"line":37,"column":72}}]},"3":{"loc":{"start":{"line":40,"column":23},"end":{"line":42,"column":24}},"type":"cond-expr","locations":[{"start":{"line":41,"column":8},"end":{"line":41,"column":44}},{"start":{"line":42,"column":8},"end":{"line":42,"column":24}}]},"4":{"loc":{"start":{"line":108,"column":2},"end":{"line":113,"column":3}},"type":"if","locations":[{"start":{"line":108,"column":2},"end":{"line":113,"column":3}}]},"5":{"loc":{"start":{"line":120,"column":2},"end":{"line":124,"column":3}},"type":"if","locations":[{"start":{"line":120,"column":2},"end":{"line":124,"column":3}}]},"6":{"loc":{"start":{"line":154,"column":32},"end":{"line":154,"column":72}},"type":"binary-expr","locations":[{"start":{"line":154,"column":32},"end":{"line":154,"column":64}},{"start":{"line":154,"column":68},"end":{"line":154,"column":72}}]}},"s":{"0":0,"1":0,"2":0,"3":0,"4":0,"5":0,"6":0,"7":0,"8":0,"9":0,"10":0,"11":0,"12":0,"13":0,"14":0,"15":0,"16":0,"17":0,"18":0,"19":0,"20":0,"21":0,"22":0,"23":0,"24":0,"25":0,"26":0,"27":0,"28":0,"29":0,"30":0,"31":0,"32":0,"33":0,"34":0,"35":0,"36":0,"37":0,"38":0,"39":0,"40":0,"41":0,"42":0,"43":0,"44":0,"45":0,"46":0,"47":0,"48":0,"49":0,"50":0,"51":0,"52":0,"53":0,"54":0,"55":0,"56":0,"57":0,"58":0,"59":0,"60":0,"61":0,"62":0,"63":0,"64":0,"65":0,"66":0,"67":0,"68":0,"69":0,"70":0,"71":0,"72":0,"73":0,"74":0,"75":0,"76":0,"77":0,"78":0,"79":0,"80":0,"81":0,"82":0},"f":{"0":0,"1":0,"2":0,"3":0,"4":0,"5":0,"6":0,"7":0,"8":0,"9":0,"10":0},"b":{"0":[0,0],"1":[0],"2":[0,0],"3":[0,0],"4":[0],"5":[0],"6":[0,0]}}
,"/home/arthur/Desktop/web-auth-lib/src/localDBService.ts": {"path":"/home/arthur/Desktop/web-auth-lib/src/localDBService.ts","statementMap":{"0":{"start":{"line":14,"column":4},"end":{"line":31,"column":5}},"1":{"start":{"line":15,"column":22},"end":{"line":15,"column":39}},"2":{"start":{"line":16,"column":19},"end":{"line":16,"column":44}},"3":{"start":{"line":18,"column":17},"end":{"line":18,"column":59}},"4":{"start":{"line":19,"column":25},"end":{"line":22,"column":null}},"5":{"start":{"line":25,"column":23},"end":{"line":25,"column":72}},"6":{"start":{"line":26,"column":6},"end":{"line":26,"column":23}},"7":{"start":{"line":27,"column":6},"end":{"line":27,"column":58}},"8":{"start":{"line":28,"column":6},"end":{"line":28,"column":29}},"9":{"start":{"line":30,"column":6},"end":{"line":30,"column":71}},"10":{"start":{"line":38,"column":4},"end":{"line":51,"column":5}},"11":{"start":{"line":39,"column":23},"end":{"line":39,"column":48}},"12":{"start":{"line":40,"column":17},"end":{"line":40,"column":38}},"13":{"start":{"line":41,"column":25},"end":{"line":41,"column":43}},"14":{"start":{"line":42,"column":30},"end":{"line":45,"column":null}},"15":{"start":{"line":47,"column":22},"end":{"line":47,"column":39}},"16":{"start":{"line":48,"column":6},"end":{"line":48,"column":45}},"17":{"start":{"line":50,"column":6},"end":{"line":50,"column":71}},"18":{"start":{"line":9,"column":0},"end":{"line":9,"column":13}}},"fnMap":{"0":{"name":"(anonymous_0)","decl":{"start":{"line":10,"column":2},"end":{"line":10,"column":7}},"loc":{"start":{"line":12,"column":22},"end":{"line":32,"column":3}}},"1":{"name":"(anonymous_1)","decl":{"start":{"line":34,"column":2},"end":{"line":34,"column":7}},"loc":{"start":{"line":36,"column":22},"end":{"line":52,"column":3}}}},"branchMap":{},"s":{"0":0,"1":0,"2":0,"3":0,"4":0,"5":0,"6":0,"7":0,"8":0,"9":0,"10":0,"11":0,"12":0,"13":0,"14":0,"15":0,"16":0,"17":0,"18":0},"f":{"0":0,"1":0},"b":{}}
,"/home/arthur/Desktop/web-auth-lib/src/main.ts": {"path":"/home/arthur/Desktop/web-auth-lib/src/main.ts","statementMap":{"0":{"start":{"line":1,"column":0},"end":{"line":1,"column":21}},"1":{"start":{"line":2,"column":0},"end":{"line":2,"column":29}},"2":{"start":{"line":3,"column":0},"end":{"line":3,"column":32}},"3":{"start":{"line":5,"column":0},"end":{"line":27,"column":2}},"4":{"start":{"line":29,"column":0},"end":{"line":29,"column":28}}},"fnMap":{},"branchMap":{},"s":{"0":0,"1":0,"2":0,"3":0,"4":0},"f":{},"b":{}}
,"/home/arthur/Desktop/web-auth-lib/src/vite-env.d.ts": {"path":"/home/arthur/Desktop/web-auth-lib/src/vite-env.d.ts","statementMap":{},"fnMap":{},"branchMap":{},"s":{},"f":{},"b":{}}
,"/home/arthur/Desktop/web-auth-lib/src/webAuthnService.ts": {"path":"/home/arthur/Desktop/web-auth-lib/src/webAuthnService.ts","statementMap":{"0":{"start":{"line":1,"column":0},"end":{"line":1,"column":37}},"1":{"start":{"line":4,"column":17},"end":{"line":4,"column":79}},"2":{"start":{"line":5,"column":2},"end":{"line":5,"column":29}},"3":{"start":{"line":21,"column":4},"end":{"line":21,"column":43}},"4":{"start":{"line":28,"column":4},"end":{"line":48,"column":5}},"5":{"start":{"line":29,"column":29},"end":{"line":31,"column":8}},"6":{"start":{"line":32,"column":6},"end":{"line":34,"column":7}},"7":{"start":{"line":33,"column":8},"end":{"line":33,"column":72}},"8":{"start":{"line":37,"column":19},"end":{"line":37,"column":38}},"9":{"start":{"line":40,"column":6},"end":{"line":43,"column":8}},"10":{"start":{"line":45,"column":6},"end":{"line":45,"column":66}},"11":{"start":{"line":47,"column":6},"end":{"line":47,"column":73}},"12":{"start":{"line":54,"column":4},"end":{"line":81,"column":5}},"13":{"start":{"line":55,"column":25},"end":{"line":57,"column":8}},"14":{"start":{"line":58,"column":6},"end":{"line":60,"column":7}},"15":{"start":{"line":59,"column":8},"end":{"line":59,"column":73}},"16":{"start":{"line":63,"column":31},"end":{"line":63,"column":71}},"17":{"start":{"line":64,"column":6},"end":{"line":66,"column":7}},"18":{"start":{"line":65,"column":8},"end":{"line":65,"column":68}},"19":{"start":{"line":69,"column":32},"end":{"line":69,"column":77}},"20":{"start":{"line":70,"column":6},"end":{"line":72,"column":7}},"21":{"start":{"line":71,"column":8},"end":{"line":71,"column":64}},"22":{"start":{"line":73,"column":36},"end":{"line":74,"column":null}},"23":{"start":{"line":78,"column":6},"end":{"line":78,"column":38}},"24":{"start":{"line":80,"column":6},"end":{"line":80,"column":75}},"25":{"start":{"line":18,"column":0},"end":{"line":18,"column":13}}},"fnMap":{"0":{"name":"arrayBufferToBase64","decl":{"start":{"line":3,"column":9},"end":{"line":3,"column":28}},"loc":{"start":{"line":3,"column":48},"end":{"line":6,"column":1}}},"1":{"name":"(anonymous_1)","decl":{"start":{"line":20,"column":2},"end":{"line":20,"column":14}},"loc":{"start":{"line":20,"column":14},"end":{"line":22,"column":3}}},"2":{"name":"(anonymous_2)","decl":{"start":{"line":25,"column":2},"end":{"line":25,"column":7}},"loc":{"start":{"line":26,"column":47},"end":{"line":49,"column":3}}},"3":{"name":"(anonymous_3)","decl":{"start":{"line":51,"column":2},"end":{"line":51,"column":7}},"loc":{"start":{"line":52,"column":46},"end":{"line":82,"column":3}}}},"branchMap":{"0":{"loc":{"start":{"line":32,"column":6},"end":{"line":34,"column":7}},"type":"if","locations":[{"start":{"line":32,"column":6},"end":{"line":34,"column":7}}]},"1":{"loc":{"start":{"line":32,"column":10},"end":{"line":32,"column":48}},"type":"binary-expr","locations":[{"start":{"line":32,"column":10},"end":{"line":32,"column":24}},{"start":{"line":32,"column":28},"end":{"line":32,"column":48}}]},"2":{"loc":{"start":{"line":58,"column":6},"end":{"line":60,"column":7}},"type":"if","locations":[{"start":{"line":58,"column":6},"end":{"line":60,"column":7}}]},"3":{"loc":{"start":{"line":64,"column":6},"end":{"line":66,"column":7}},"type":"if","locations":[{"start":{"line":64,"column":6},"end":{"line":66,"column":7}}]},"4":{"loc":{"start":{"line":70,"column":6},"end":{"line":72,"column":7}},"type":"if","locations":[{"start":{"line":70,"column":6},"end":{"line":72,"column":7}}]}},"s":{"0":0,"1":0,"2":0,"3":0,"4":0,"5":0,"6":0,"7":0,"8":0,"9":0,"10":0,"11":0,"12":0,"13":0,"14":0,"15":0,"16":0,"17":0,"18":0,"19":0,"20":0,"21":0,"22":0,"23":0,"24":0,"25":0},"f":{"0":0,"1":0,"2":0,"3":0},"b":{"0":[0],"1":[0,0],"2":[0],"3":[0],"4":[0]}}
}
