TN:
SF:src/keyDerivationService.ts
FN:6,(anonymous_0)
FNF:1
FNH:0
FNDA:0,(anonymous_0)
DA:5,0
DA:7,0
DA:9,0
DA:18,0
DA:31,0
DA:33,0
LF:6
LH:0
BRF:0
BRH:0
end_of_record
TN:
SF:src/lib.ts
FN:8,arrayBufferToBase64
FN:13,base64ToUint8Array
FN:24,loadMessages
FN:28,(anonymous_3)
FN:33,saveMessage
FN:62,handleRegister
FN:101,handleAuthenticate
FN:157,(anonymous_7)
FN:175,(anonymous_8)
FN:189,handleLogout
FN:198,main
FNF:11
FNH:0
FNDA:0,arrayBufferToBase64
FNDA:0,base64ToUint8Array
FNDA:0,loadMessages
FNDA:0,(anonymous_3)
FNDA:0,saveMessage
FNDA:0,handleRegister
FNDA:0,handleAuthenticate
FNDA:0,(anonymous_7)
FNDA:0,(anonymous_8)
FNDA:0,handleLogout
FNDA:0,main
DA:1,0
DA:2,0
DA:3,0
DA:5,0
DA:9,0
DA:10,0
DA:14,0
DA:15,0
DA:16,0
DA:17,0
DA:18,0
DA:20,0
DA:25,0
DA:26,0
DA:27,0
DA:28,0
DA:34,0
DA:35,0
DA:36,0
DA:37,0
DA:38,0
DA:39,0
DA:40,0
DA:44,0
DA:51,0
DA:52,0
DA:54,0
DA:55,0
DA:56,0
DA:57,0
DA:63,0
DA:65,0
DA:87,0
DA:88,0
DA:89,0
DA:92,0
DA:93,0
DA:95,0
DA:96,0
DA:102,0
DA:103,0
DA:104,0
DA:107,0
DA:108,0
DA:109,0
DA:110,0
DA:112,0
DA:114,0
DA:119,0
DA:120,0
DA:121,0
DA:122,0
DA:123,0
DA:125,0
DA:127,0
DA:142,0
DA:143,0
DA:144,0
DA:147,0
DA:154,0
DA:156,0
DA:158,0
DA:159,0
DA:160,0
DA:161,0
DA:165,0
DA:167,0
DA:168,0
DA:173,0
DA:174,0
DA:175,0
DA:178,0
DA:181,0
DA:183,0
DA:184,0
DA:193,0
DA:194,0
DA:198,0
DA:199,0
DA:202,0
DA:205,0
DA:206,0
LF:82
LH:0
BRDA:25,0,0,0
BRDA:25,0,1,0
BRDA:36,1,0,0
BRDA:37,2,0,0
BRDA:37,2,1,0
BRDA:40,3,0,0
BRDA:40,3,1,0
BRDA:108,4,0,0
BRDA:120,5,0,0
BRDA:154,6,0,0
BRDA:154,6,1,0
BRF:11
BRH:0
end_of_record
TN:
SF:src/localDBService.ts
FN:10,(anonymous_0)
FN:34,(anonymous_1)
FNF:2
FNH:0
FNDA:0,(anonymous_0)
FNDA:0,(anonymous_1)
DA:9,0
DA:14,0
DA:15,0
DA:16,0
DA:18,0
DA:19,0
DA:25,0
DA:26,0
DA:27,0
DA:28,0
DA:30,0
DA:38,0
DA:39,0
DA:40,0
DA:41,0
DA:42,0
DA:47,0
DA:48,0
DA:50,0
LF:19
LH:0
BRF:0
BRH:0
end_of_record
TN:
SF:src/main.ts
FNF:0
FNH:0
DA:1,0
DA:2,0
DA:3,0
DA:5,0
DA:29,0
LF:5
LH:0
BRF:0
BRH:0
end_of_record
TN:
SF:src/vite-env.d.ts
FNF:0
FNH:0
LF:0
LH:0
BRF:0
BRH:0
end_of_record
TN:
SF:src/webAuthnService.ts
FN:3,arrayBufferToBase64
FN:20,(anonymous_1)
FN:25,(anonymous_2)
FN:51,(anonymous_3)
FNF:4
FNH:0
FNDA:0,arrayBufferToBase64
FNDA:0,(anonymous_1)
FNDA:0,(anonymous_2)
FNDA:0,(anonymous_3)
DA:1,0
DA:4,0
DA:5,0
DA:18,0
DA:21,0
DA:28,0
DA:29,0
DA:32,0
DA:33,0
DA:37,0
DA:40,0
DA:45,0
DA:47,0
DA:54,0
DA:55,0
DA:58,0
DA:59,0
DA:63,0
DA:64,0
DA:65,0
DA:69,0
DA:70,0
DA:71,0
DA:73,0
DA:78,0
DA:80,0
LF:26
LH:0
BRDA:32,0,0,0
BRDA:32,1,0,0
BRDA:32,1,1,0
BRDA:58,2,0,0
BRDA:64,3,0,0
BRDA:70,4,0,0
BRF:6
BRH:0
end_of_record
